[11:49:58] Output CSV will be saved as: results_1.csv
[11:49:58] Log file will be saved as: results_1.log
[11:49:58] Configuration saved to: /home/vitorms/Dropbox/galmex/Examples/results_1.json
[11:49:58] Starting processing of 101 galaxies using 10 core(s)...
[11:49:59] [1/101] 587722983376552388 — Failed: cannot unpack non-iterable numpy.float64 object
[11:49:59] [1/101] Processed: 587722983376552388 — ETA: 0:02:39 — Elapsed: 0:00:01
[11:50:00] [2/101] 587725469600645291 — Failed: cannot unpack non-iterable numpy.float64 object
[11:50:00] [2/101] Processed: 587725469600645291 — ETA: 0:02:17 — Elapsed: 0:00:02
[11:50:01] [3/101] 587722984437973151 — Failed: cannot unpack non-iterable numpy.float64 object
[11:50:01] [3/101] Processed: 587722984437973151 — ETA: 0:02:02 — Elapsed: 0:00:02
[11:50:01] [4/101] 587722984425914500 — Failed: cannot unpack non-iterable numpy.float64 object
[11:50:01] [4/101] Processed: 587722984425914500 — ETA: 0:01:48 — Elapsed: 0:00:02
[11:50:02] [5/101] 587725470138171561 — Failed: cannot unpack non-iterable numpy.float64 object
[11:50:02] [5/101] Processed: 587725470138171561 — ETA: 0:01:42 — Elapsed: 0:00:04
[11:50:02] [6/101] 587725471210406027 — Failed: cannot unpack non-iterable numpy.float64 object
[11:50:02] [6/101] Processed: 587725471210406027 — ETA: 0:01:35 — Elapsed: 0:00:04
[11:50:02] [7/101] 587722984438038540 — Failed: index -1 is out of bounds for axis 0 with size 0
[11:50:02] [7/101] Processed: 587722984438038540 — ETA: 0:01:29 — Elapsed: 0:00:04
[11:50:02] [8/101] 587725469064495304 — Failed: cannot unpack non-iterable numpy.float64 object
[11:50:02] [8/101] Processed: 587725469064495304 — ETA: 0:01:24 — Elapsed: 0:00:04
[11:50:02] [9/101] 587722983363772443 — Failed: cannot unpack non-iterable numpy.float64 object
[11:50:02] [9/101] Processed: 587722983363772443 — ETA: 0:01:19 — Elapsed: 0:00:04
[11:50:04] [10/101] 587722983898218585 — Failed: cannot unpack non-iterable numpy.float64 object
[11:50:04] [10/101] Processed: 587722983898218585 — ETA: 0:01:15 — Elapsed: 0:00:06
[11:50:04] [11/101] 587722983376683242 — Failed: cannot unpack non-iterable numpy.float64 object
[11:50:04] [11/101] Processed: 587722983376683242 — ETA: 0:01:05 — Elapsed: 0:00:06
[11:50:04] [12/101] 587725469063774227 — Failed: cannot unpack non-iterable numpy.float64 object
[11:50:04] [12/101] Processed: 587725469063774227 — ETA: 0:00:59 — Elapsed: 0:00:06
[11:50:05] [13/101] 587725074991022332 — Failed: cannot unpack non-iterable numpy.float64 object
[11:50:05] [13/101] Processed: 587725074991022332 — ETA: 0:00:54 — Elapsed: 0:00:06
[11:50:05] [14/101] 587725470673731726 — Failed: cannot unpack non-iterable numpy.float64 object
[11:50:05] [14/101] Processed: 587725470673731726 — ETA: 0:00:52 — Elapsed: 0:00:07
[11:50:05] [15/101] 587722983900577997 — Failed: cannot unpack non-iterable numpy.float64 object
[11:50:05] [15/101] Processed: 587722983900577997 — ETA: 0:00:48 — Elapsed: 0:00:07
[11:50:06] [16/101] 587725471210733702 — Failed: cannot unpack non-iterable numpy.float64 object
[11:50:06] [16/101] Processed: 587725471210733702 — ETA: 0:00:46 — Elapsed: 0:00:07
[11:50:06] [17/101] 587722983900577967 — Failed: cannot unpack non-iterable numpy.float64 object
[11:50:06] [17/101] Processed: 587722983900577967 — ETA: 0:00:44 — Elapsed: 0:00:08
[11:50:07] [18/101] 587722983363903721 — Failed: cannot unpack non-iterable numpy.float64 object
[11:50:07] [18/101] Processed: 587722983363903721 — ETA: 0:00:43 — Elapsed: 0:00:09
[11:50:08] [19/101] 587725470673600733 — Failed: cannot unpack non-iterable numpy.float64 object
[11:50:08] [19/101] Processed: 587725470673600733 — ETA: 0:00:43 — Elapsed: 0:00:10
[11:50:08] [20/101] 587722983889109026 — Failed: cannot unpack non-iterable numpy.float64 object
[11:50:08] [20/101] Processed: 587722983889109026 — ETA: 0:00:42 — Elapsed: 0:00:10
[11:50:10] [21/101] 587725469601366133 — Failed: cannot unpack non-iterable numpy.float64 object
[11:50:10] [21/101] Processed: 587725469601366133 — ETA: 0:00:41 — Elapsed: 0:00:11
[11:50:12] [22/101] 587725075527827780 — Failed: cannot unpack non-iterable numpy.float64 object
[11:50:12] [22/101] Processed: 587725075527827780 — ETA: 0:00:41 — Elapsed: 0:00:14
[11:50:13] [23/101] 587725469600972878 — Failed: cannot unpack non-iterable numpy.float64 object
[11:50:13] [23/101] Processed: 587725469600972878 — ETA: 0:00:42 — Elapsed: 0:00:14
[11:50:14] [24/101] 587725471211323645 — Failed: cannot unpack non-iterable numpy.float64 object
[11:50:14] [24/101] Processed: 587725471211323645 — ETA: 0:00:42 — Elapsed: 0:00:16
[11:50:15] [25/101] 587722984437383449 — Failed: cannot unpack non-iterable numpy.float64 object
[11:50:15] [25/101] Processed: 587722984437383449 — ETA: 0:00:43 — Elapsed: 0:00:16
[11:50:15] [26/101] 587722983353614488 — Failed: cannot unpack non-iterable numpy.float64 object
[11:50:15] [26/101] Processed: 587722983353614488 — ETA: 0:00:44 — Elapsed: 0:00:17
[11:50:16] [27/101] 587722983890616374 — Failed: cannot unpack non-iterable numpy.float64 object
[11:50:16] [27/101] Processed: 587722983890616374 — ETA: 0:00:45 — Elapsed: 0:00:18
[11:50:17] [28/101] 587722984427618395 — Failed: cannot unpack non-iterable numpy.float64 object
[11:50:17] [28/101] Processed: 587722984427618395 — ETA: 0:00:45 — Elapsed: 0:00:19
[11:50:18] [29/101] 587722983353745542 — Failed: cannot unpack non-iterable numpy.float64 object
[11:50:18] [29/101] Processed: 587722983353745542 — ETA: 0:00:46 — Elapsed: 0:00:20
[11:50:19] [30/101] 587722983354728652 — Failed: cannot unpack non-iterable numpy.float64 object
[11:50:19] [30/101] Processed: 587722983354728652 — ETA: 0:00:47 — Elapsed: 0:00:21
[11:50:21] [31/101] 587725469064495257 — Failed: cannot unpack non-iterable numpy.float64 object
[11:50:21] [31/101] Processed: 587725469064495257 — ETA: 0:00:47 — Elapsed: 0:00:23
[11:50:22] [32/101] 587725471211323542 — Failed: cannot unpack non-iterable numpy.float64 object
[11:50:22] [32/101] Processed: 587725471211323542 — ETA: 0:00:47 — Elapsed: 0:00:24
[11:50:22] [33/101] 587725469064364245 — Failed: cannot unpack non-iterable numpy.float64 object
[11:50:22] [33/101] Processed: 587725469064364245 — ETA: 0:00:47 — Elapsed: 0:00:24
[11:50:23] [34/101] 587725469600907384 — Failed: cannot unpack non-iterable numpy.float64 object
[11:50:23] [34/101] Processed: 587725469600907384 — ETA: 0:00:47 — Elapsed: 0:00:24
[11:50:23] [35/101] 587722983898153096 — Failed: cannot unpack non-iterable numpy.float64 object
[11:50:23] [35/101] Processed: 587722983898153096 — ETA: 0:00:47 — Elapsed: 0:00:25
[11:50:23] [36/101] 587722983900643513 — Failed: cannot unpack non-iterable numpy.float64 object
[11:50:23] [36/101] Processed: 587722983900643513 — ETA: 0:00:46 — Elapsed: 0:00:25
[11:50:24] [37/101] 587725470674714813 — Failed: cannot unpack non-iterable numpy.float64 object
[11:50:24] [37/101] Processed: 587725470674714813 — ETA: 0:00:46 — Elapsed: 0:00:25
[11:50:24] [38/101] 587725471210537108 — Failed: cannot unpack non-iterable numpy.float64 object
[11:50:24] [38/101] Processed: 587725471210537108 — ETA: 0:00:45 — Elapsed: 0:00:26
[11:50:24] [39/101] 587722983353811058 — Failed: cannot unpack non-iterable numpy.float64 object
[11:50:24] [39/101] Processed: 587722983353811058 — ETA: 0:00:44 — Elapsed: 0:00:26
[11:50:25] [40/101] 587722953305227532 — Failed: cannot unpack non-iterable numpy.float64 object
[11:50:25] [40/101] Processed: 587722953305227532 — ETA: 0:00:43 — Elapsed: 0:00:27
[11:50:26] [41/101] 587722984425914504 — Failed: cannot unpack non-iterable numpy.float64 object
[11:50:26] [41/101] Processed: 587722984425914504 — ETA: 0:00:42 — Elapsed: 0:00:27
[11:50:27] [42/101] 587725469601300588 — Failed: cannot unpack non-iterable numpy.float64 object
[11:50:27] [42/101] Processed: 587725469601300588 — ETA: 0:00:41 — Elapsed: 0:00:28
[11:50:29] [43/101] 587722983353680074 — Failed: cannot unpack non-iterable numpy.float64 object
[11:50:29] [43/101] Processed: 587722983353680074 — ETA: 0:00:40 — Elapsed: 0:00:30
[11:50:30] [44/101] 587725469064626369 — Failed: cannot unpack non-iterable numpy.float64 object
[11:50:30] [44/101] Processed: 587725469064626369 — ETA: 0:00:39 — Elapsed: 0:00:31
[11:50:30] [45/101] 587725469064495288 — Failed: cannot unpack non-iterable numpy.float64 object
[11:50:30] [45/101] Processed: 587725469064495288 — ETA: 0:00:39 — Elapsed: 0:00:32
[11:50:31] [46/101] 587722984437711036 — Failed: cannot unpack non-iterable numpy.float64 object
[11:50:31] [46/101] Processed: 587722984437711036 — ETA: 0:00:38 — Elapsed: 0:00:33
[11:50:31] [47/101] 587722983376552338 — Failed: cannot unpack non-iterable numpy.float64 object
[11:50:31] [47/101] Processed: 587722983376552338 — ETA: 0:00:37 — Elapsed: 0:00:33
[11:50:31] [48/101] 587725470137778270 — Failed: cannot unpack non-iterable numpy.float64 object
[11:50:31] [48/101] Processed: 587725470137778270 — ETA: 0:00:37 — Elapsed: 0:00:33
[11:50:31] [49/101] 587725469601628172 — Failed: cannot unpack non-iterable numpy.float64 object
[11:50:31] [49/101] Processed: 587725469601628172 — ETA: 0:00:36 — Elapsed: 0:00:33
[11:50:32] [50/101] 587722984438169763 — Failed: cannot unpack non-iterable numpy.float64 object
[14:26:56] Output CSV will be saved as: results_1.csv
[14:26:56] Log file will be saved as: results_1.log
[14:26:56] Configuration saved to: /home/vitorms/Dropbox/galmex/Examples/results_1.json
[14:26:56] Starting processing of 101 galaxies using 1 core(s)...
[14:27:01] [1/101] 587725075527827780 — Processed successfully.
[14:27:01] [1/101] Processed: 587725075527827780 — ETA: 0:08:48 — Elapsed: 0:00:05
[14:27:03] [2/101] 587722984425914500 — Processed successfully.
[14:27:03] [2/101] Processed: 587722984425914500 — ETA: 0:05:22 — Elapsed: 0:00:06
[14:27:04] [3/101] 587722983363772443 — Processed successfully.
[14:27:04] [3/101] Processed: 587722983363772443 — ETA: 0:04:31 — Elapsed: 0:00:08
[14:27:05] [4/101] 587725469600645291 — Processed successfully.
[14:27:05] [4/101] Processed: 587725469600645291 — ETA: 0:03:46 — Elapsed: 0:00:09
[14:27:06] [5/101] 587722983376552388 — Processed successfully.
[14:27:06] [5/101] Processed: 587722983376552388 — ETA: 0:03:15 — Elapsed: 0:00:10
[14:27:08] [6/101] 587725471210406027 — Processed successfully.
[14:27:08] [6/101] Processed: 587725471210406027 — ETA: 0:03:11 — Elapsed: 0:00:12
[14:27:11] [7/101] 587722983376683242 — Processed successfully.
[14:27:11] [7/101] Processed: 587722983376683242 — ETA: 0:03:14 — Elapsed: 0:00:14
[14:27:18] [8/101] 587722983898153096 — Processed successfully.
[14:27:18] [8/101] Processed: 587722983898153096 — ETA: 0:04:18 — Elapsed: 0:00:22
[14:27:20] [9/101] 587725469064495304 — Processed successfully.
[14:27:20] [9/101] Processed: 587725469064495304 — ETA: 0:04:03 — Elapsed: 0:00:23
[14:27:24] [10/101] 587725469600972878 — Processed successfully.
[14:27:24] [10/101] Processed: 587725469600972878 — ETA: 0:04:17 — Elapsed: 0:00:28
[14:27:25] [11/101] 587722984437973151 — Processed successfully.
[14:27:25] [11/101] Processed: 587722984437973151 — ETA: 0:03:33 — Elapsed: 0:00:29
[14:27:26] [12/101] 587725470138171561 — Processed successfully.
[14:27:26] [12/101] Processed: 587725470138171561 — ETA: 0:03:29 — Elapsed: 0:00:30
[14:27:28] [13/101] 587725074991022332 — Processed successfully.
[14:27:28] [13/101] Processed: 587725074991022332 — ETA: 0:03:25 — Elapsed: 0:00:31
[14:27:30] [14/101] 587725470673731726 — Processed successfully.
[14:27:30] [14/101] Processed: 587725470673731726 — ETA: 0:03:30 — Elapsed: 0:00:33
[14:27:32] [15/101] 587722983889109026 — Processed successfully.
[14:27:32] [15/101] Processed: 587722983889109026 — ETA: 0:03:41 — Elapsed: 0:00:36
[14:27:32] [16/101] 587722984438038540 — Failed: index -1 is out of bounds for axis 0 with size 0
[14:27:32] [16/101] Processed: 587722984438038540 — ETA: 0:03:22 — Elapsed: 0:00:36
[14:27:41] [17/101] 587725469064495288 — Processed successfully.
[14:27:41] [17/101] Processed: 587725469064495288 — ETA: 0:04:19 — Elapsed: 0:00:45
[14:27:42] [18/101] 587725469063774227 — Processed successfully.
[14:27:42] [18/101] Processed: 587725469063774227 — ETA: 0:03:18 — Elapsed: 0:00:46
[14:27:43] [19/101] 587722983898218585 — Processed successfully.
[14:27:43] [19/101] Processed: 587722983898218585 — ETA: 0:03:09 — Elapsed: 0:00:47
[14:27:44] [20/101] 587722983363903721 — Processed successfully.
[14:27:44] [20/101] Processed: 587722983363903721 — ETA: 0:02:40 — Elapsed: 0:00:48
[14:27:45] [21/101] 587725471210733702 — Processed successfully.
[14:27:45] [21/101] Processed: 587725471210733702 — ETA: 0:02:38 — Elapsed: 0:00:48
[14:27:46] [22/101] 587722983900577997 — Processed successfully.
[14:27:46] [22/101] Processed: 587722983900577997 — ETA: 0:02:33 — Elapsed: 0:00:49
[14:27:46] [23/101] 587722983900577967 — Processed successfully.
[14:27:46] [23/101] Processed: 587722983900577967 — ETA: 0:02:24 — Elapsed: 0:00:50
[14:27:48] [24/101] 587725469601366133 — Processed successfully.
[14:27:48] [24/101] Processed: 587725469601366133 — ETA: 0:02:21 — Elapsed: 0:00:52
[14:27:55] [25/101] 587722983376552338 — Processed successfully.
[14:27:55] [25/101] Processed: 587722983376552338 — ETA: 0:02:55 — Elapsed: 0:00:59
[14:27:58] [26/101] 587725471211323645 — Processed successfully.
[14:27:58] [26/101] Processed: 587725471211323645 — ETA: 0:03:15 — Elapsed: 0:01:02
[14:27:59] [27/101] 587725470673600733 — Processed successfully.
[14:27:59] [27/101] Processed: 587725470673600733 — ETA: 0:02:10 — Elapsed: 0:01:03
[14:28:07] [28/101] 587725469064626369 — Processed successfully.
[14:28:07] [28/101] Processed: 587725469064626369 — ETA: 0:03:02 — Elapsed: 0:01:11
[14:28:11] [29/101] 587722984427618395 — Processed successfully.
[14:28:11] [29/101] Processed: 587722984427618395 — ETA: 0:03:22 — Elapsed: 0:01:15
[14:28:13] [30/101] 587722983353614488 — Processed successfully.
[14:28:13] [30/101] Processed: 587722983353614488 — ETA: 0:03:26 — Elapsed: 0:01:17
[14:28:17] [31/101] 587725469064495257 — Processed successfully.
[14:28:17] [31/101] Processed: 587725469064495257 — ETA: 0:03:44 — Elapsed: 0:01:21
[14:28:18] [32/101] 587722984437383449 — Processed successfully.
[14:28:18] [32/101] Processed: 587722984437383449 — ETA: 0:03:45 — Elapsed: 0:01:22
[14:28:20] [33/101] 587722983890616374 — Processed successfully.
[14:28:20] [33/101] Processed: 587722983890616374 — ETA: 0:03:48 — Elapsed: 0:01:23
[14:28:23] [34/101] 587725471211323542 — Processed successfully.
[14:28:23] [34/101] Processed: 587725471211323542 — ETA: 0:03:55 — Elapsed: 0:01:27
[14:28:25] [35/101] 587722983354728652 — Processed successfully.
[14:28:25] [35/101] Processed: 587722983354728652 — ETA: 0:03:17 — Elapsed: 0:01:29
[14:28:28] [36/101] 587725469064364245 — Processed successfully.
[14:28:28] [36/101] Processed: 587725469064364245 — ETA: 0:03:11 — Elapsed: 0:01:31
[14:28:29] [37/101] 587722983353745542 — Processed successfully.
[14:28:29] [37/101] Processed: 587722983353745542 — ETA: 0:03:07 — Elapsed: 0:01:32
[14:28:31] [38/101] 587725469600907384 — Processed successfully.
[14:28:31] [38/101] Processed: 587725469600907384 — ETA: 0:02:26 — Elapsed: 0:01:34
[14:28:34] [39/101] 587722984425914504 — Processed successfully.
[14:28:34] [39/101] Processed: 587722984425914504 — ETA: 0:02:18 — Elapsed: 0:01:37
[14:28:36] [40/101] 587725471210537108 — Processed successfully.
[14:28:36] [40/101] Processed: 587725471210537108 — ETA: 0:02:15 — Elapsed: 0:01:39
[14:28:36] [41/101] 587722983900643513 — Processed successfully.
[14:28:36] [41/101] Processed: 587722983900643513 — ETA: 0:01:55 — Elapsed: 0:01:40
[14:29:09] [42/101] 587722983890747499 — Processed successfully.
[14:29:09] [42/101] Processed: 587722983890747499 — ETA: 0:05:01 — Elapsed: 0:02:13
[14:29:11] [43/101] 587722953305227532 — Processed successfully.
[14:29:11] [43/101] Processed: 587722953305227532 — ETA: 0:04:55 — Elapsed: 0:02:14
[14:29:11] [44/101] 587725470674714813 — Processed successfully.
[14:29:11] [44/101] Processed: 587725470674714813 — ETA: 0:04:34 — Elapsed: 0:02:15
[14:29:13] [45/101] 587725469601300588 — Processed successfully.
[14:29:13] [45/101] Processed: 587725469601300588 — ETA: 0:04:26 — Elapsed: 0:02:16
[14:29:13] [46/101] 587722983353811058 — Processed successfully.
[14:29:13] [46/101] Processed: 587722983353811058 — ETA: 0:04:10 — Elapsed: 0:02:17
[14:29:16] [47/101] 587722984437711036 — Processed successfully.
[14:29:16] [47/101] Processed: 587722984437711036 — ETA: 0:04:16 — Elapsed: 0:02:20
[14:30:05] [48/101] 587725469064102005 — Processed successfully.
[14:30:05] [48/101] Processed: 587725469064102005 — ETA: 0:08:18 — Elapsed: 0:03:08
[14:30:06] [49/101] 587722983353680074 — Processed successfully.
[14:30:06] [49/101] Processed: 587722983353680074 — ETA: 0:08:02 — Elapsed: 0:03:10
[14:30:12] [50/101] 587725470673666275 — Processed successfully.
[14:30:12] [50/101] Processed: 587725470673666275 — ETA: 0:08:13 — Elapsed: 0:03:16
[14:30:19] [51/101] 587722983363969173 — Processed successfully.
[14:30:19] [51/101] Processed: 587722983363969173 — ETA: 0:08:32 — Elapsed: 0:03:22
[14:30:21] [52/101] 587722984438169763 — Processed successfully.
[14:30:21] [52/101] Processed: 587722984438169763 — ETA: 0:05:50 — Elapsed: 0:03:24
[14:30:22] [53/101] 587725470137778270 — Processed successfully.
[14:30:22] [53/101] Processed: 587725470137778270 — ETA: 0:05:41 — Elapsed: 0:03:26
[14:30:23] [54/101] 587725469601628172 — Processed successfully.
[14:30:23] [54/101] Processed: 587725469601628172 — ETA: 0:05:35 — Elapsed: 0:03:26
[14:30:25] [55/101] 587722984437645470 — Processed successfully.
[14:30:25] [55/101] Processed: 587722984437645470 — ETA: 0:05:30 — Elapsed: 0:03:28
[14:30:58] [56/101] 587725471211323546 — Processed successfully.
[14:30:58] [56/101] Processed: 587725471211323546 — ETA: 0:07:50 — Elapsed: 0:04:01
[14:30:59] [57/101] 587722983353811088 — Processed successfully.
[14:30:59] [57/101] Processed: 587722983353811088 — ETA: 0:07:33 — Elapsed: 0:04:03
[14:31:00] [58/101] 587722984437776555 — Processed successfully.
[14:31:00] [58/101] Processed: 587722984437776555 — ETA: 0:04:00 — Elapsed: 0:04:04
[14:31:02] [59/101] 587725468526968948 — Processed successfully.
[14:31:02] [59/101] Processed: 587725468526968948 — ETA: 0:03:54 — Elapsed: 0:04:06
[14:31:04] [60/101] 587722983376617803 — Processed successfully.
[14:31:04] [60/101] Processed: 587722983376617803 — ETA: 0:03:31 — Elapsed: 0:04:07
[14:31:26] [61/101] 587722984438038552 — Processed successfully.
[14:31:26] [FATAL ERROR] invalid command name ".!consolewindow.!progressbar"
